<?xml version="1.0" encoding="UTF-8"?>
<!-- Generated by org.testng.reporters.JUnitReportReporter -->
<testsuite skipped="0" hostname="Ceroshs-MacBook-Pro.local" name="com.EK.MobileSite.testcases.HomePageTest" tests="7" failures="0" timestamp="15 Jan 2018 19:46:05 GMT" time="65.442" errors="0">
  <testcase name="verifyFeaturedFareLink" time="12.210" classname="com.EK.MobileSite.testcases.HomePageTest"/>
  <testcase name="verifyManageABookingLink" time="6.796" classname="com.EK.MobileSite.testcases.HomePageTest"/>
  <testcase name="verifyOnlineCheckinLink" time="9.110" classname="com.EK.MobileSite.testcases.HomePageTest"/>
  <testcase name="HomePageTitleTest" time="7.381" classname="com.EK.MobileSite.testcases.HomePageTest"/>
  <testcase name="verifyMakeABookingLink" time="9.985" classname="com.EK.MobileSite.testcases.HomePageTest"/>
  <testcase name="verifyFlightStatusLink" time="9.320" classname="com.EK.MobileSite.testcases.HomePageTest"/>
  <testcase name="verifyMobileTermsAndConditionsLink" time="10.640" classname="com.EK.MobileSite.testcases.HomePageTest"/>
</testsuite> <!-- com.EK.MobileSite.testcases.HomePageTest -->
