<?xml version="1.0" encoding="UTF-8"?>
<!-- Generated by org.testng.reporters.JUnitReportReporter -->
<testsuite skipped="0" hostname="Ceroshs-MacBook-Pro.local" name="com.EK.MobileSite.testcases.HomePageTest" tests="7" failures="0" timestamp="16 Jan 2018 18:38:52 GMT" time="134.265" errors="0">
  <testcase name="verifyOnlineCheckinLink" time="18.792" classname="com.EK.MobileSite.testcases.HomePageTest"/>
  <testcase name="verifyFeaturedFareLink" time="18.633" classname="com.EK.MobileSite.testcases.HomePageTest"/>
  <testcase name="verifyManageABookingLink" time="18.887" classname="com.EK.MobileSite.testcases.HomePageTest"/>
  <testcase name="HomePageTitleTest" time="15.549" classname="com.EK.MobileSite.testcases.HomePageTest"/>
  <testcase name="verifyMakeABookingLink" time="29.078" classname="com.EK.MobileSite.testcases.HomePageTest"/>
  <testcase name="verifyFlightStatusLink" time="16.931" classname="com.EK.MobileSite.testcases.HomePageTest"/>
  <testcase name="verifyMobileTermsAndConditionsLink" time="16.395" classname="com.EK.MobileSite.testcases.HomePageTest"/>
</testsuite> <!-- com.EK.MobileSite.testcases.HomePageTest -->
