<?xml version="1.0" encoding="UTF-8"?>
<!-- Generated by org.testng.reporters.JUnitReportReporter -->
<testsuite skipped="0" hostname="Ceroshs-MacBook-Pro.local" name="POWithReturnPageObject.copy.Tests" tests="4" failures="0" timestamp="27 Jan 2018 09:38:59 GMT" time="51.621" errors="0">
  <testcase name="searchReturnResults" time="26.352" classname="POWithReturnPageObject.copy.Tests"/>
  <testcase name="goToPage" time="8.413" classname="POWithReturnPageObject.copy.Tests"/>
  <testcase name="goToNext" time="7.631" classname="POWithReturnPageObject.copy.Tests"/>
  <testcase name="goToPrevious" time="9.225" classname="POWithReturnPageObject.copy.Tests"/>
</testsuite> <!-- POWithReturnPageObject.copy.Tests -->
