<?xml version="1.0" encoding="UTF-8"?>
<!-- Generated by org.testng.reporters.JUnitReportReporter -->
<testsuite skipped="0" hostname="Ceroshs-MacBook-Pro.local" name="withPageObjects.Tests" tests="1" failures="0" timestamp="23 Jan 2018 18:12:39 GMT" time="14.842" errors="0">
  <testcase name="searchReturnsResults" time="14.842" classname="withPageObjects.Tests"/>
</testsuite> <!-- withPageObjects.Tests -->
