<?xml version="1.0" encoding="UTF-8"?>
<!-- Generated by org.testng.reporters.JUnitReportReporter -->
<testsuite skipped="0" hostname="Ceroshs-MacBook-Pro.local" name="withoutPageObjectModel.withoutPageObjectModel" tests="1" failures="0" timestamp="22 Jan 2018 17:46:00 GMT" time="1.534" errors="0">
  <testcase name="validateSuccesfullLogin" time="1.534" classname="withoutPageObjectModel.withoutPageObjectModel"/>
</testsuite> <!-- withoutPageObjectModel.withoutPageObjectModel -->
