<?xml version="1.0" encoding="UTF-8"?>
<!-- Generated by org.testng.reporters.JUnitReportReporter -->
<testsuite skipped="0" hostname="Ceroshs-MacBook-Pro.local" name="POWithReturnPageObject.Tests" tests="4" failures="0" timestamp="27 Jan 2018 18:12:02 GMT" time="168.706" errors="0">
  <testcase name="searchReturnResults" time="127.978" classname="POWithReturnPageObject.Tests"/>
  <testcase name="goToPage" time="19.945" classname="POWithReturnPageObject.Tests"/>
  <testcase name="goToNext" time="8.795" classname="POWithReturnPageObject.Tests"/>
  <testcase name="goToPrevious" time="11.988" classname="POWithReturnPageObject.Tests"/>
</testsuite> <!-- POWithReturnPageObject.Tests -->
