<?xml version="1.0" encoding="UTF-8"?>
<!-- Generated by org.testng.reporters.JUnitReportReporter -->
<testsuite skipped="0" hostname="Ceroshs-MacBook-Pro.local" name="POWithReturnPageObject.copy1.TestPage" tests="4" failures="0" timestamp="27 Jan 2018 18:19:18 GMT" time="140.600" errors="0">
  <testcase name="searchReturnsResults" time="57.314" classname="POWithReturnPageObject.copy1.TestPage"/>
  <testcase name="goToPage" time="11.833" classname="POWithReturnPageObject.copy1.TestPage"/>
  <testcase name="goToNextPage" time="33.209" classname="POWithReturnPageObject.copy1.TestPage"/>
  <testcase name="goToPrvsPage" time="38.244" classname="POWithReturnPageObject.copy1.TestPage"/>
</testsuite> <!-- POWithReturnPageObject.copy1.TestPage -->
