<?xml version="1.0" encoding="UTF-8" ?>
<testsuite tests="7" failures="0" name="TestSuite" time="43.666" errors="0" skipped="0">
  <properties>
    <property name="java.vendor" value="Oracle Corporation"/>
    <property name="JOB_NAME" value="MobileSite"/>
    <property name="PWD" value="/Users/ceroshjacob/Downloads"/>
    <property name="sun.java.launcher" value="SUN_STANDARD"/>
    <property name="sun.management.compiler" value="HotSpot 64-Bit Tiered Compilers"/>
    <property name="JENKINS_HOME" value="/Users/ceroshjacob/.jenkins"/>
    <property name="PATH" value="/usr/local/bin:/usr/bin:/bin:/usr/sbin:/sbin"/>
    <property name="HUDSON_SERVER_COOKIE" value="df90b4fd31e69186"/>
    <property name="POM_ARTIFACTID" value="MobileSite"/>
    <property name="os.name" value="Mac OS X"/>
    <property name="TERM_PROGRAM" value="Apple_Terminal"/>
    <property name="sun.boot.class.path" value="/Library/Java/JavaVirtualMachines/jdk1.8.0_151.jdk/Contents/Home/jre/lib/resources.jar:/Library/Java/JavaVirtualMachines/jdk1.8.0_151.jdk/Contents/Home/jre/lib/rt.jar:/Library/Java/JavaVirtualMachines/jdk1.8.0_151.jdk/Contents/Home/jre/lib/sunrsasign.jar:/Library/Java/JavaVirtualMachines/jdk1.8.0_151.jdk/Contents/Home/jre/lib/jsse.jar:/Library/Java/JavaVirtualMachines/jdk1.8.0_151.jdk/Contents/Home/jre/lib/jce.jar:/Library/Java/JavaVirtualMachines/jdk1.8.0_151.jdk/Contents/Home/jre/lib/charsets.jar:/Library/Java/JavaVirtualMachines/jdk1.8.0_151.jdk/Contents/Home/jre/lib/jfr.jar:/Library/Java/JavaVirtualMachines/jdk1.8.0_151.jdk/Contents/Home/jre/classes"/>
    <property name="EXECUTOR_NUMBER" value="1"/>
    <property name="TERM_SESSION_ID" value="003BDFC1-E969-4619-BC0E-01114339DC88"/>
    <property name="user.country.format" value="AE"/>
    <property name="java.vm.specification.vendor" value="Oracle Corporation"/>
    <property name="POM_DISPLAYNAME" value="MobileSite"/>
    <property name="NODE_LABELS" value="master"/>
    <property name="java.runtime.version" value="1.8.0_151-b12"/>
    <property name="user.name" value="ceroshjacob"/>
    <property name="guice.disable.misplaced.annotation.check" value="true"/>
    <property name="SECURITYSESSIONID" value="186a8"/>
    <property name="user.language" value="en"/>
    <property name="JOB_BASE_NAME" value="MobileSite"/>
    <property name="RUN_CHANGES_DISPLAY_URL" value="http://unconfigured-jenkins-location/job/MobileSite/25/display/redirect?page=changes"/>
    <property name="BUILD_DISPLAY_NAME" value="#25"/>
    <property name="TMPDIR" value="/var/folders/sp/yvnh4fgs5d744shh21p9bq2c0000gn/T/"/>
    <property name="sun.boot.library.path" value="/Library/Java/JavaVirtualMachines/jdk1.8.0_151.jdk/Contents/Home/jre/lib"/>
    <property name="java.version" value="1.8.0_151"/>
    <property name="XPC_FLAGS" value="0x0"/>
    <property name="user.timezone" value="Asia/Dubai"/>
    <property name="sun.arch.data.model" value="64"/>
    <property name="NODE_NAME" value="master"/>
    <property name="TERM" value="xterm-256color"/>
    <property name="http.nonProxyHosts" value="local|*.local|169.254/16|*.169.254/16"/>
    <property name="java.endorsed.dirs" value="/Library/Java/JavaVirtualMachines/jdk1.8.0_151.jdk/Contents/Home/jre/lib/endorsed"/>
    <property name="BUILD_ID" value="25"/>
    <property name="sun.cpu.isalist" value=""/>
    <property name="sun.jnu.encoding" value="UTF-8"/>
    <property name="file.encoding.pkg" value="sun.io"/>
    <property name="SHELL" value="/bin/bash"/>
    <property name="file.separator" value="/"/>
    <property name="java.specification.name" value="Java Platform API Specification"/>
    <property name="maven.conf" value="/Users/ceroshjacob/.jenkins/tools/hudson.tasks.Maven_MavenInstallation/TestMaven/conf"/>
    <property name="java.class.version" value="52.0"/>
    <property name="org.slf4j.simpleLogger.defaultLogLevel" value="info"/>
    <property name="user.country" value="US"/>
    <property name="java.home" value="/Library/Java/JavaVirtualMachines/jdk1.8.0_151.jdk/Contents/Home/jre"/>
    <property name="java.vm.info" value="mixed mode"/>
    <property name="os.version" value="10.13.2"/>
    <property name="RUN_DISPLAY_URL" value="http://unconfigured-jenkins-location/job/MobileSite/25/display/redirect"/>
    <property name="POM_VERSION" value="0.0.1-SNAPSHOT"/>
    <property name="sun.font.fontmanager" value="sun.font.CFontManager"/>
    <property name="path.separator" value=":"/>
    <property name="java.vm.version" value="25.151-b12"/>
    <property name="JOB_DISPLAY_URL" value="http://unconfigured-jenkins-location/job/MobileSite/display/redirect"/>
    <property name="SHLVL" value="1"/>
    <property name="_" value="/usr/bin/java"/>
    <property name="java.awt.printerjob" value="sun.lwawt.macosx.CPrinterJob"/>
    <property name="sun.io.unicode.encoding" value="UnicodeBig"/>
    <property name="awt.toolkit" value="sun.lwawt.macosx.LWCToolkit"/>
    <property name="LOGNAME" value="ceroshjacob"/>
    <property name="socksNonProxyHosts" value="local|*.local|169.254/16|*.169.254/16"/>
    <property name="POM_PACKAGING" value="jar"/>
    <property name="ftp.nonProxyHosts" value="local|*.local|169.254/16|*.169.254/16"/>
    <property name="HOME" value="/Users/ceroshjacob"/>
    <property name="JAVA_MAIN_CLASS_1242" value="Main"/>
    <property name="POM_GROUPID" value="AutomationPack"/>
    <property name="user.home" value="/Users/ceroshjacob"/>
    <property name="BUILD_TAG" value="jenkins-MobileSite-25"/>
    <property name="JENKINS_SERVER_COOKIE" value="df90b4fd31e69186"/>
    <property name="XPC_SERVICE_NAME" value="0"/>
    <property name="java.specification.vendor" value="Oracle Corporation"/>
    <property name="CLASSPATH" value=""/>
    <property name="java.vendor.url" value="http://java.oracle.com/"/>
    <property name="java.library.path" value="/Users/ceroshjacob/Library/Java/Extensions:/Library/Java/Extensions:/Network/Library/Java/Extensions:/System/Library/Java/Extensions:/usr/lib/java:."/>
    <property name="Apple_PubSub_Socket_Render" value="/private/tmp/com.apple.launchd.u53m6pglmB/Render"/>
    <property name="gopherProxySet" value="false"/>
    <property name="java.vm.vendor" value="Oracle Corporation"/>
    <property name="java.runtime.name" value="Java(TM) SE Runtime Environment"/>
    <property name="maven.home" value="/Users/ceroshjacob/.jenkins/tools/hudson.tasks.Maven_MavenInstallation/TestMaven"/>
    <property name="java.class.path" value="/Users/ceroshjacob/.jenkins/plugins/maven-plugin/WEB-INF/lib/maven35-agent-1.12-alpha-1.jar:/Users/ceroshjacob/.jenkins/tools/hudson.tasks.Maven_MavenInstallation/TestMaven/boot/plexus-classworlds-2.5.2.jar:/Users/ceroshjacob/.jenkins/tools/hudson.tasks.Maven_MavenInstallation/TestMaven/conf/logging"/>
    <property name="sun.java.command" value="jenkins.maven3.agent.Maven35Main /Users/ceroshjacob/.jenkins/tools/hudson.tasks.Maven_MavenInstallation/TestMaven /Users/ceroshjacob/.jenkins/war/WEB-INF/lib/remoting-3.16.jar /Users/ceroshjacob/.jenkins/plugins/maven-plugin/WEB-INF/lib/maven35-interceptor-1.12-alpha-1.jar /Users/ceroshjacob/.jenkins/plugins/maven-plugin/WEB-INF/lib/maven3-interceptor-commons-1.12-alpha-1.jar 54196"/>
    <property name="java.vm.specification.name" value="Java Virtual Machine Specification"/>
    <property name="java.vm.specification.version" value="1.8"/>
    <property name="sun.os.patch.level" value="unknown"/>
    <property name="sun.cpu.endian" value="little"/>
    <property name="M2_HOME" value="/Users/ceroshjacob/.jenkins/tools/hudson.tasks.Maven_MavenInstallation/TestMaven"/>
    <property name="java.io.tmpdir" value="/var/folders/sp/yvnh4fgs5d744shh21p9bq2c0000gn/T/"/>
    <property name="HUDSON_HOME" value="/Users/ceroshjacob/.jenkins"/>
    <property name="PATH+MAVEN" value="/Users/ceroshjacob/.jenkins/tools/hudson.tasks.Maven_MavenInstallation/TestMaven/bin"/>
    <property name="java.vendor.url.bug" value="http://bugreport.sun.com/bugreport/"/>
    <property name="SSH_AUTH_SOCK" value="/private/tmp/com.apple.launchd.TQub3IXjy3/Listeners"/>
    <property name="LC_CTYPE" value="UTF-8"/>
    <property name="java.awt.graphicsenv" value="sun.awt.CGraphicsEnvironment"/>
    <property name="os.arch" value="x86_64"/>
    <property name="com.apple.java.jvmTask" value="CommandLine"/>
    <property name="java.ext.dirs" value="/Users/ceroshjacob/Library/Java/Extensions:/Library/Java/JavaVirtualMachines/jdk1.8.0_151.jdk/Contents/Home/jre/lib/ext:/Library/Java/Extensions:/Network/Library/Java/Extensions:/System/Library/Java/Extensions:/usr/lib/java"/>
    <property name="__CF_USER_TEXT_ENCODING" value="0x1F5:0x0:0x0"/>
    <property name="user.dir" value="/Users/ceroshjacob/eclipse-workspace/MobileSite"/>
    <property name="line.separator" value="
"/>
    <property name="JAVA_ARCH" value="x86_64"/>
    <property name="MAVEN_HOME" value="/Users/ceroshjacob/.jenkins/tools/hudson.tasks.Maven_MavenInstallation/TestMaven"/>
    <property name="java.vm.name" value="Java HotSpot(TM) 64-Bit Server VM"/>
    <property name="BUILD_NUMBER" value="25"/>
    <property name="TERM_PROGRAM_VERSION" value="400"/>
    <property name="file.encoding" value="UTF-8"/>
    <property name="maven3.interceptor" value="/Users/ceroshjacob/.jenkins/plugins/maven-plugin/WEB-INF/lib/maven35-interceptor-1.12-alpha-1.jar"/>
    <property name="WORKSPACE" value="/Users/ceroshjacob/eclipse-workspace/MobileSite"/>
    <property name="maven3.interceptor.common" value="/Users/ceroshjacob/.jenkins/plugins/maven-plugin/WEB-INF/lib/maven3-interceptor-commons-1.12-alpha-1.jar"/>
    <property name="java.specification.version" value="1.8"/>
    <property name="USER" value="ceroshjacob"/>
  </properties>
  <testcase classname="com.EK.MobileSite.testcases.HomePageTest" name="verifyFeaturedFareLink" time="9.324"/>
  <testcase classname="com.EK.MobileSite.testcases.HomePageTest" name="verifyManageABookingLink" time="4.742"/>
  <testcase classname="com.EK.MobileSite.testcases.HomePageTest" name="verifyOnlineCheckinLink" time="5.4"/>
  <testcase classname="com.EK.MobileSite.testcases.HomePageTest" name="HomePageTitleTest" time="0.007"/>
  <testcase classname="com.EK.MobileSite.testcases.HomePageTest" name="verifyMakeABookingLink" time="16.927"/>
  <testcase classname="com.EK.MobileSite.testcases.HomePageTest" name="verifyFlightStatusLink" time="3.166"/>
  <testcase classname="com.EK.MobileSite.testcases.HomePageTest" name="verifyMobileTermsAndConditionsLink" time="4.1"/>
</testsuite>